libbrotli1_1.0.7-2~wallarm2_amd64.deb
libconfig9_1.5-0.2_amd64.deb
libcpire_0.4.2-6_amd64.deb
libdbi1_0.9.0-4_amd64.deb
libdetection1_1.2.1-2_amd64.deb
libhubbub_0.3.3+wallarm3-6_amd64.deb
liblmdb0_0.9.17-3_amd64.deb
libparserutils_0.2.3-10_amd64.deb
libproton214_2.14.4_amd64.deb
librrd4_1.5.5-4_amd64.deb
libtws0_0.0.8_amd64.deb
libunwind8_1.1-4.1_amd64.deb
libwacl_1.0.5-4_amd64.deb
libwlog_1.1.2-1_amd64.deb
libwpire_0.0.5+git20180504-6_amd64.deb
libwyajl2_2.0.4+w3-6_amd64.deb
libyajl2_2.1.0-2_amd64.deb
monitoring-plugins-common_2.1.2-2ubuntu2_amd64.deb
nagios-plugins-common_2.1.2-2ubuntu2_all.deb
nginx-module-wallarm-heroku_2.14.0-1+heroku1_amd64.deb
python-mcrypt_1.1-7_amd64.deb
python-msgpack_0.4.6-1build1_amd64.deb
python-nsca_1%3a1.6a+fbe7965-8_all.deb
python-nscang_1.2-4_amd64.deb
python-tarantool16_0.6.6-2_all.deb
python-yaml_3.11-3build1_amd64.deb
ruby-deep-msgpack_1.1.0-7_amd64.deb
ruby-domain-name_0.5.20160216-2_all.deb
ruby-hashie_3.4.3-1_all.deb
ruby-highline_1.7.2-1_all.deb
ruby-http-cookie_1.0.2-1_all.deb
ruby-json_1.8.3-1build4_amd64.deb
ruby-mime-types_2.6.1-1_all.deb
ruby-murmurhash3_0.1.4-8_amd64.deb
ruby-netrc_0.10.3-1_all.deb
ruby-parser-generator_0.3.3-5_all.deb
ruby-proton_2.14.4_amd64.deb
ruby-rest-client_1.8.0-2ubuntu1_all.deb
ruby-tarantool16_0.0.7-6_all.deb
ruby-thread_0.1.4+20140502+7e91ca4-9_all.deb
ruby-unf-ext_0.0.7.2-1build2_amd64.deb
ruby-unf_0.1.4-1_all.deb
ruby-wallarm-api_2.14.8-1_all.deb
tarantool-common_1.10.4.33.g939def4-1_all.deb
tarantool_1.10.4.33.g939def4-1_amd64.deb
wallarm-collectd-core_5.5.1-1build2+3_amd64.deb
wallarm-collectd_5.5.1-1build2+3_amd64.deb
wallarm-common_2.14.8-1_all.deb
wallarm-monitoring_2.14.8-1_all.deb
wallarm-node-nginx_2.14.8-1_all.deb
wallarm-node-tarantool_2.14.8-1_all.deb
wallarm-node_2.14.8-1_all.deb
wallarm-tarantool_1.14.1-1_amd64.deb
