collectd-core_5.7.2-2ubuntu1.1_amd64.deb
collectd_5.7.2-2ubuntu1.1_amd64.deb
libbrotli1_1.0.7-2~wallarm2_amd64.deb
libconfig9_1.5-0.4_amd64.deb
libcpire_0.4.2-6_amd64.deb
libdbi1_0.9.0-5_amd64.deb
libdetection1_1.2.1-2_amd64.deb
libhubbub_0.3.3+wallarm3-6_amd64.deb
liblmdb0_0.9.21-1ubuntu0.1_amd64.deb
libparserutils_0.2.3-10_amd64.deb
libproton214_2.14.1_amd64.deb
librrd8_1.7.0-1build1_amd64.deb
libtws0_0.0.8_amd64.deb
libunwind8_1.2.1-8_amd64.deb
libwacl_1.0.5-4_amd64.deb
libwlog_1.1.2-1_amd64.deb
libwpire_0.0.5+git20180504-6_amd64.deb
libwyajl2_2.0.4+w3-6_amd64.deb
libyajl2_2.1.0-2build1_amd64.deb
monitoring-plugins-common_2.2-3ubuntu2_amd64.deb
nagios-plugins-common_2.2-3ubuntu2_all.deb
nginx-module-wallarm-heroku_2.14.0-1+heroku1_amd64.deb
python-crypto_2.6.1-8ubuntu2_amd64.deb
python-mcrypt_1.1-7_amd64.deb
python-msgpack_0.5.6-1_amd64.deb
python-nsca_1%3a1.6a+fbe7965-8_all.deb
python-nscang_1.2-4_amd64.deb
python-tarantool16_0.6.6-2_all.deb
python-yaml_3.12-1build2_amd64.deb
ruby-deep-msgpack_1.1.0-7_amd64.deb
ruby-domain-name_0.5.20160216-2_all.deb
ruby-hashie_3.5.5-2_all.deb
ruby-highline_1.7.8-1_all.deb
ruby-http-cookie_1.0.2-1_all.deb
ruby-json_2.1.0+dfsg-2_amd64.deb
ruby-mime-types-data_3.2015.1120-1_all.deb
ruby-mime-types_3.1-1_all.deb
ruby-murmurhash3_0.1.4-8_amd64.deb
ruby-netrc_0.11.0-1_all.deb
ruby-parser-generator_0.3.3-5_all.deb
ruby-proton_2.14.1_amd64.deb
ruby-rest-client_2.0.2-3_all.deb
ruby-tarantool16_0.0.7-6_all.deb
ruby-thread_0.1.4+20140502+7e91ca4-9_all.deb
ruby-unf-ext_0.0.7.4-1build2_amd64.deb
ruby-unf_0.1.4-2_all.deb
ruby-wallarm-api_2.14.5-1_all.deb
tarantool-common_1.10.4.33.g939def455-1_all.deb
tarantool_1.10.4.33.g939def455-1_amd64.deb
wallarm-common_2.14.5-1_all.deb
wallarm-monitoring_2.14.5-1_all.deb
wallarm-node-nginx_2.14.5-1_all.deb
wallarm-node-tarantool_2.14.5-1_all.deb
wallarm-node_2.14.5-1_all.deb
wallarm-tarantool_1.14.0-3_amd64.deb
